<?xml version="1.0" encoding="UTF-8"?>
<!-- Generated by org.testng.reporters.JUnitReportReporter -->
<testsuite hostname="Mohan-Krishna" failures="0" tests="1" name="com.TargetBay.testCases.TC_Formfillup_002" time="2.932" errors="0" timestamp="10 Oct 2020 17:31:53 GMT" skipped="0">
  <testcase classname="com.TargetBay.testCases.TC_Formfillup_002" name="FormfillupTest" time="2.932"/>
</testsuite> <!-- com.TargetBay.testCases.TC_Formfillup_002 -->
