<?xml version="1.0" encoding="UTF-8"?>
<!-- Generated by org.testng.reporters.JUnitReportReporter -->
<testsuite hostname="Mohan-Krishna" failures="0" tests="5" name="testNG.ex3" time="0.048" errors="0" timestamp="2021-02-19T19:58:05 IST" skipped="0">
  <testcase classname="testNG.ex3" name="apiloginCarloan" time="0.011"/>
  <system-out/>
  <testcase classname="testNG.ex3" name="webloginCarloan" time="0.013"/>
  <system-out/>
  <testcase classname="testNG.ex3" name="webloginCarloan" time="0.005"/>
  <system-out/>
  <testcase classname="testNG.ex3" name="mobileloginCarloan" time="0.008"/>
  <system-out/>
  <testcase classname="testNG.ex3" name="webloginCarloan" time="0.011"/>
  <system-out/>
</testsuite> <!-- testNG.ex3 -->
