<?xml version="1.0" encoding="UTF-8"?>
<!-- Generated by org.testng.reporters.JUnitReportReporter -->
<testsuite hostname="Mohan-Krishna" failures="0" tests="2" name="testNG.ex1" time="0.008" errors="0" timestamp="2021-02-19T16:52:22 IST" skipped="1">
  <testcase classname="testNG.ex1" name="secondTest" time="0.008"/>
  <system-out/>
  <testcase classname="testNG.ex1" name="firstTest">
    <skipped/>
  </testcase> <!-- firstTest -->
  <system-out/>
</testsuite> <!-- testNG.ex1 -->
