<?xml version="1.0" encoding="UTF-8"?>
<!-- Generated by org.testng.reporters.JUnitReportReporter -->
<testsuite hostname="Mohan-Krishna" failures="0" tests="1" name="testNG.ex2" time="0.014" errors="0" timestamp="2021-02-19T19:58:05 IST" skipped="0">
  <testcase classname="testNG.ex2" name="plan" time="0.014"/>
  <system-out/>
</testsuite> <!-- testNG.ex2 -->
