<?xml version="1.0" encoding="UTF-8"?>
<!-- Generated by org.testng.reporters.JUnitReportReporter -->
<testsuite hostname="Mohan-Krishna" failures="0" tests="3" name="testNG.ex4" time="0.026" errors="0" timestamp="2021-02-19T19:58:05 IST" skipped="0">
  <testcase classname="testNG.ex4" name="apiloginHomeloan" time="0.010"/>
  <system-out/>
  <testcase classname="testNG.ex4" name="webloginHomeloan" time="0.002"/>
  <system-out/>
  <testcase classname="testNG.ex4" name="mobileloginHomeloan" time="0.014"/>
  <system-out/>
</testsuite> <!-- testNG.ex4 -->
